[27-Mar-2019 03:46:44 UTC] PHP Parse error:  syntax error, unexpected ';' in /home/ubuntu/workspace/CST-336-Spring2019/midterm/practice/api/getProduct.php on line 11
[27-Mar-2019 20:49:44 UTC] PHP Fatal error:  Uncaught exception 'PDOException' with message 'SQLSTATE[42000]: Syntax error or access violation: 1064 You have an error in your SQL syntax; check the manual that corresponds to your MySQL server version for the right syntax to use near 'AND promoCode LIKE '%sanda%'' at line 1' in /home/ubuntu/workspace/CST-336-Spring2019/midterm/practice/api/getPromo.php:13
Stack trace:
#0 /home/ubuntu/workspace/CST-336-Spring2019/midterm/practice/api/getPromo.php(13): PDOStatement->execute(Array)
#1 {main}
  thrown in /home/ubuntu/workspace/CST-336-Spring2019/midterm/practice/api/getPromo.php on line 13
[27-Mar-2019 20:50:10 UTC] PHP Fatal error:  Uncaught exception 'PDOException' with message 'SQLSTATE[42000]: Syntax error or access violation: 1064 You have an error in your SQL syntax; check the manual that corresponds to your MySQL server version for the right syntax to use near 'AND promoCode LIKE '%sand%'' at line 1' in /home/ubuntu/workspace/CST-336-Spring2019/midterm/practice/api/getPromo.php:13
Stack trace:
#0 /home/ubuntu/workspace/CST-336-Spring2019/midterm/practice/api/getPromo.php(13): PDOStatement->execute(Array)
#1 {main}
  thrown in /home/ubuntu/workspace/CST-336-Spring2019/midterm/practice/api/getPromo.php on line 13
[27-Mar-2019 20:50:18 UTC] PHP Fatal error:  Uncaught exception 'PDOException' with message 'SQLSTATE[42000]: Syntax error or access violation: 1064 You have an error in your SQL syntax; check the manual that corresponds to your MySQL server version for the right syntax to use near 'AND promoCode LIKE '%summer%'' at line 1' in /home/ubuntu/workspace/CST-336-Spring2019/midterm/practice/api/getPromo.php:13
Stack trace:
#0 /home/ubuntu/workspace/CST-336-Spring2019/midterm/practice/api/getPromo.php(13): PDOStatement->execute(Array)
#1 {main}
  thrown in /home/ubuntu/workspace/CST-336-Spring2019/midterm/practice/api/getPromo.php on line 13
[27-Mar-2019 20:50:24 UTC] PHP Fatal error:  Uncaught exception 'PDOException' with message 'SQLSTATE[42000]: Syntax error or access violation: 1064 You have an error in your SQL syntax; check the manual that corresponds to your MySQL server version for the right syntax to use near 'AND promoCode LIKE '%summ%'' at line 1' in /home/ubuntu/workspace/CST-336-Spring2019/midterm/practice/api/getPromo.php:13
Stack trace:
#0 /home/ubuntu/workspace/CST-336-Spring2019/midterm/practice/api/getPromo.php(13): PDOStatement->execute(Array)
#1 {main}
  thrown in /home/ubuntu/workspace/CST-336-Spring2019/midterm/practice/api/getPromo.php on line 13
[27-Mar-2019 20:50:28 UTC] PHP Fatal error:  Uncaught exception 'PDOException' with message 'SQLSTATE[42000]: Syntax error or access violation: 1064 You have an error in your SQL syntax; check the manual that corresponds to your MySQL server version for the right syntax to use near 'AND promoCode LIKE '%sanddfs%'' at line 1' in /home/ubuntu/workspace/CST-336-Spring2019/midterm/practice/api/getPromo.php:13
Stack trace:
#0 /home/ubuntu/workspace/CST-336-Spring2019/midterm/practice/api/getPromo.php(13): PDOStatement->execute(Array)
#1 {main}
  thrown in /home/ubuntu/workspace/CST-336-Spring2019/midterm/practice/api/getPromo.php on line 13
[27-Mar-2019 20:51:31 UTC] PHP Fatal error:  Uncaught exception 'PDOException' with message 'SQLSTATE[42000]: Syntax error or access violation: 1064 You have an error in your SQL syntax; check the manual that corresponds to your MySQL server version for the right syntax to use near 'AND promoCode LIKE '%sandd%'' at line 1' in /home/ubuntu/workspace/CST-336-Spring2019/midterm/practice/api/getPromo.php:13
Stack trace:
#0 /home/ubuntu/workspace/CST-336-Spring2019/midterm/practice/api/getPromo.php(13): PDOStatement->execute(Array)
#1 {main}
  thrown in /home/ubuntu/workspace/CST-336-Spring2019/midterm/practice/api/getPromo.php on line 13
[27-Mar-2019 20:51:49 UTC] PHP Fatal error:  Uncaught exception 'PDOException' with message 'SQLSTATE[42000]: Syntax error or access violation: 1064 You have an error in your SQL syntax; check the manual that corresponds to your MySQL server version for the right syntax to use near 'AND promoCode LIKE '%sand%'' at line 1' in /home/ubuntu/workspace/CST-336-Spring2019/midterm/practice/api/getPromo.php:13
Stack trace:
#0 /home/ubuntu/workspace/CST-336-Spring2019/midterm/practice/api/getPromo.php(13): PDOStatement->execute(Array)
#1 {main}
  thrown in /home/ubuntu/workspace/CST-336-Spring2019/midterm/practice/api/getPromo.php on line 13
[27-Mar-2019 20:53:07 UTC] PHP Fatal error:  Uncaught exception 'PDOException' with message 'SQLSTATE[42000]: Syntax error or access violation: 1064 You have an error in your SQL syntax; check the manual that corresponds to your MySQL server version for the right syntax to use near 'AND promoCode LIKE '%sandd%'' at line 1' in /home/ubuntu/workspace/CST-336-Spring2019/midterm/practice/api/getPromo.php:13
Stack trace:
#0 /home/ubuntu/workspace/CST-336-Spring2019/midterm/practice/api/getPromo.php(13): PDOStatement->execute(Array)
#1 {main}
  thrown in /home/ubuntu/workspace/CST-336-Spring2019/midterm/practice/api/getPromo.php on line 13
[27-Mar-2019 20:54:04 UTC] PHP Fatal error:  Uncaught exception 'PDOException' with message 'SQLSTATE[42000]: Syntax error or access violation: 1064 You have an error in your SQL syntax; check the manual that corresponds to your MySQL server version for the right syntax to use near 'AND promoCode LIKE '%take5%'' at line 1' in /home/ubuntu/workspace/CST-336-Spring2019/midterm/practice/api/getPromo.php:13
Stack trace:
#0 /home/ubuntu/workspace/CST-336-Spring2019/midterm/practice/api/getPromo.php(13): PDOStatement->execute(Array)
#1 {main}
  thrown in /home/ubuntu/workspace/CST-336-Spring2019/midterm/practice/api/getPromo.php on line 13
[27-Mar-2019 20:54:37 UTC] PHP Fatal error:  Uncaught exception 'PDOException' with message 'SQLSTATE[42000]: Syntax error or access violation: 1064 You have an error in your SQL syntax; check the manual that corresponds to your MySQL server version for the right syntax to use near 'AND promoCode LIKE '%sandsdf%'' at line 1' in /home/ubuntu/workspace/CST-336-Spring2019/midterm/practice/api/getPromo.php:13
Stack trace:
#0 /home/ubuntu/workspace/CST-336-Spring2019/midterm/practice/api/getPromo.php(13): PDOStatement->execute(Array)
#1 {main}
  thrown in /home/ubuntu/workspace/CST-336-Spring2019/midterm/practice/api/getPromo.php on line 13
[27-Mar-2019 20:54:47 UTC] PHP Fatal error:  Uncaught exception 'PDOException' with message 'SQLSTATE[42000]: Syntax error or access violation: 1064 You have an error in your SQL syntax; check the manual that corresponds to your MySQL server version for the right syntax to use near 'AND promoCode LIKE '%sand%'' at line 1' in /home/ubuntu/workspace/CST-336-Spring2019/midterm/practice/api/getPromo.php:13
Stack trace:
#0 /home/ubuntu/workspace/CST-336-Spring2019/midterm/practice/api/getPromo.php(13): PDOStatement->execute(Array)
#1 {main}
  thrown in /home/ubuntu/workspace/CST-336-Spring2019/midterm/practice/api/getPromo.php on line 13
[27-Mar-2019 21:01:48 UTC] PHP Fatal error:  Uncaught exception 'PDOException' with message 'SQLSTATE[42000]: Syntax error or access violation: 1064 You have an error in your SQL syntax; check the manual that corresponds to your MySQL server version for the right syntax to use near 'AND promoCode LIKE '%sunnyd%'' at line 1' in /home/ubuntu/workspace/CST-336-Spring2019/midterm/practice/api/getPromo.php:13
Stack trace:
#0 /home/ubuntu/workspace/CST-336-Spring2019/midterm/practice/api/getPromo.php(13): PDOStatement->execute(Array)
#1 {main}
  thrown in /home/ubuntu/workspace/CST-336-Spring2019/midterm/practice/api/getPromo.php on line 13
[27-Mar-2019 21:02:05 UTC] PHP Fatal error:  Uncaught exception 'PDOException' with message 'SQLSTATE[42000]: Syntax error or access violation: 1064 You have an error in your SQL syntax; check the manual that corresponds to your MySQL server version for the right syntax to use near 'AND promoCode LIKE '%sandalss%'' at line 1' in /home/ubuntu/workspace/CST-336-Spring2019/midterm/practice/api/getPromo.php:13
Stack trace:
#0 /home/ubuntu/workspace/CST-336-Spring2019/midterm/practice/api/getPromo.php(13): PDOStatement->execute(Array)
#1 {main}
  thrown in /home/ubuntu/workspace/CST-336-Spring2019/midterm/practice/api/getPromo.php on line 13
[27-Mar-2019 21:04:54 UTC] PHP Fatal error:  Uncaught exception 'PDOException' with message 'SQLSTATE[42000]: Syntax error or access violation: 1064 You have an error in your SQL syntax; check the manual that corresponds to your MySQL server version for the right syntax to use near 'AND promoCode LIKE '%take50d%'' at line 1' in /home/ubuntu/workspace/CST-336-Spring2019/midterm/practice/api/getPromo.php:13
Stack trace:
#0 /home/ubuntu/workspace/CST-336-Spring2019/midterm/practice/api/getPromo.php(13): PDOStatement->execute(Array)
#1 {main}
  thrown in /home/ubuntu/workspace/CST-336-Spring2019/midterm/practice/api/getPromo.php on line 13
[27-Mar-2019 21:05:26 UTC] PHP Fatal error:  Uncaught exception 'PDOException' with message 'SQLSTATE[42000]: Syntax error or access violation: 1064 You have an error in your SQL syntax; check the manual that corresponds to your MySQL server version for the right syntax to use near 'AND promoCode LIKE '%dsunny%'' at line 1' in /home/ubuntu/workspace/CST-336-Spring2019/midterm/practice/api/getPromo.php:13
Stack trace:
#0 /home/ubuntu/workspace/CST-336-Spring2019/midterm/practice/api/getPromo.php(13): PDOStatement->execute(Array)
#1 {main}
  thrown in /home/ubuntu/workspace/CST-336-Spring2019/midterm/practice/api/getPromo.php on line 13
[27-Mar-2019 21:05:53 UTC] PHP Fatal error:  Uncaught exception 'PDOException' with message 'SQLSTATE[42000]: Syntax error or access violation: 1064 You have an error in your SQL syntax; check the manual that corresponds to your MySQL server version for the right syntax to use near 'AND promoCode LIKE '%summer30d%'' at line 1' in /home/ubuntu/workspace/CST-336-Spring2019/midterm/practice/api/getPromo.php:13
Stack trace:
#0 /home/ubuntu/workspace/CST-336-Spring2019/midterm/practice/api/getPromo.php(13): PDOStatement->execute(Array)
#1 {main}
  thrown in /home/ubuntu/workspace/CST-336-Spring2019/midterm/practice/api/getPromo.php on line 13
