[08-Apr-2019 02:09:38 UTC] PHP Warning:  include(../dbConnection.php): failed to open stream: No such file or directory in /home/ubuntu/workspace/CST-336-Spring2019/Labs/ottermartAdmin/api/getCategories.php on line 2
[08-Apr-2019 02:09:38 UTC] PHP Stack trace:
[08-Apr-2019 02:09:38 UTC] PHP   1. {main}() /home/ubuntu/workspace/CST-336-Spring2019/Labs/ottermartAdmin/api/getCategories.php:0
[08-Apr-2019 02:09:38 UTC] PHP Warning:  include(): Failed opening '../dbConnection.php' for inclusion (include_path='.:/usr/share/php:/usr/share/pear') in /home/ubuntu/workspace/CST-336-Spring2019/Labs/ottermartAdmin/api/getCategories.php on line 2
[08-Apr-2019 02:09:38 UTC] PHP Stack trace:
[08-Apr-2019 02:09:38 UTC] PHP   1. {main}() /home/ubuntu/workspace/CST-336-Spring2019/Labs/ottermartAdmin/api/getCategories.php:0
[08-Apr-2019 02:09:38 UTC] PHP Fatal error:  Call to undefined function getDataBaseConnection() in /home/ubuntu/workspace/CST-336-Spring2019/Labs/ottermartAdmin/api/getCategories.php on line 4
[08-Apr-2019 02:09:38 UTC] PHP Stack trace:
[08-Apr-2019 02:09:38 UTC] PHP   1. {main}() /home/ubuntu/workspace/CST-336-Spring2019/Labs/ottermartAdmin/api/getCategories.php:0
[08-Apr-2019 02:09:45 UTC] PHP Warning:  include(../dbConnection.php): failed to open stream: No such file or directory in /home/ubuntu/workspace/CST-336-Spring2019/Labs/ottermartAdmin/api/getCategories.php on line 2
[08-Apr-2019 02:09:45 UTC] PHP Stack trace:
[08-Apr-2019 02:09:45 UTC] PHP   1. {main}() /home/ubuntu/workspace/CST-336-Spring2019/Labs/ottermartAdmin/api/getCategories.php:0
[08-Apr-2019 02:09:45 UTC] PHP Warning:  include(): Failed opening '../dbConnection.php' for inclusion (include_path='.:/usr/share/php:/usr/share/pear') in /home/ubuntu/workspace/CST-336-Spring2019/Labs/ottermartAdmin/api/getCategories.php on line 2
[08-Apr-2019 02:09:45 UTC] PHP Stack trace:
[08-Apr-2019 02:09:45 UTC] PHP   1. {main}() /home/ubuntu/workspace/CST-336-Spring2019/Labs/ottermartAdmin/api/getCategories.php:0
[08-Apr-2019 02:09:45 UTC] PHP Fatal error:  Call to undefined function getDataBaseConnection() in /home/ubuntu/workspace/CST-336-Spring2019/Labs/ottermartAdmin/api/getCategories.php on line 4
[08-Apr-2019 02:09:45 UTC] PHP Stack trace:
[08-Apr-2019 02:09:45 UTC] PHP   1. {main}() /home/ubuntu/workspace/CST-336-Spring2019/Labs/ottermartAdmin/api/getCategories.php:0
[08-Apr-2019 02:11:08 UTC] PHP Warning:  include(../dbConnection.php): failed to open stream: No such file or directory in /home/ubuntu/workspace/CST-336-Spring2019/Labs/ottermartAdmin/api/getCategories.php on line 2
[08-Apr-2019 02:11:08 UTC] PHP Stack trace:
[08-Apr-2019 02:11:08 UTC] PHP   1. {main}() /home/ubuntu/workspace/CST-336-Spring2019/Labs/ottermartAdmin/api/getCategories.php:0
[08-Apr-2019 02:11:08 UTC] PHP Warning:  include(): Failed opening '../dbConnection.php' for inclusion (include_path='.:/usr/share/php:/usr/share/pear') in /home/ubuntu/workspace/CST-336-Spring2019/Labs/ottermartAdmin/api/getCategories.php on line 2
[08-Apr-2019 02:11:08 UTC] PHP Stack trace:
[08-Apr-2019 02:11:08 UTC] PHP   1. {main}() /home/ubuntu/workspace/CST-336-Spring2019/Labs/ottermartAdmin/api/getCategories.php:0
[08-Apr-2019 02:11:08 UTC] PHP Fatal error:  Call to undefined function getDataBaseConnection() in /home/ubuntu/workspace/CST-336-Spring2019/Labs/ottermartAdmin/api/getCategories.php on line 4
[08-Apr-2019 02:11:08 UTC] PHP Stack trace:
[08-Apr-2019 02:11:08 UTC] PHP   1. {main}() /home/ubuntu/workspace/CST-336-Spring2019/Labs/ottermartAdmin/api/getCategories.php:0
[08-Apr-2019 02:11:31 UTC] PHP Warning:  include(../dbConnection.php): failed to open stream: No such file or directory in /home/ubuntu/workspace/CST-336-Spring2019/Labs/ottermartAdmin/api/getCategories.php on line 2
[08-Apr-2019 02:11:31 UTC] PHP Stack trace:
[08-Apr-2019 02:11:31 UTC] PHP   1. {main}() /home/ubuntu/workspace/CST-336-Spring2019/Labs/ottermartAdmin/api/getCategories.php:0
[08-Apr-2019 02:11:31 UTC] PHP Warning:  include(): Failed opening '../dbConnection.php' for inclusion (include_path='.:/usr/share/php:/usr/share/pear') in /home/ubuntu/workspace/CST-336-Spring2019/Labs/ottermartAdmin/api/getCategories.php on line 2
[08-Apr-2019 02:11:31 UTC] PHP Stack trace:
[08-Apr-2019 02:11:31 UTC] PHP   1. {main}() /home/ubuntu/workspace/CST-336-Spring2019/Labs/ottermartAdmin/api/getCategories.php:0
[08-Apr-2019 02:11:31 UTC] PHP Fatal error:  Call to undefined function getDataBaseConnection() in /home/ubuntu/workspace/CST-336-Spring2019/Labs/ottermartAdmin/api/getCategories.php on line 4
[08-Apr-2019 02:11:31 UTC] PHP Stack trace:
[08-Apr-2019 02:11:31 UTC] PHP   1. {main}() /home/ubuntu/workspace/CST-336-Spring2019/Labs/ottermartAdmin/api/getCategories.php:0
[08-Apr-2019 02:11:49 UTC] PHP Warning:  include(../dbConnection.php): failed to open stream: No such file or directory in /home/ubuntu/workspace/CST-336-Spring2019/Labs/ottermartAdmin/api/getCategories.php on line 2
[08-Apr-2019 02:11:49 UTC] PHP Stack trace:
[08-Apr-2019 02:11:49 UTC] PHP   1. {main}() /home/ubuntu/workspace/CST-336-Spring2019/Labs/ottermartAdmin/api/getCategories.php:0
[08-Apr-2019 02:11:49 UTC] PHP Warning:  include(): Failed opening '../dbConnection.php' for inclusion (include_path='.:/usr/share/php:/usr/share/pear') in /home/ubuntu/workspace/CST-336-Spring2019/Labs/ottermartAdmin/api/getCategories.php on line 2
[08-Apr-2019 02:11:49 UTC] PHP Stack trace:
[08-Apr-2019 02:11:49 UTC] PHP   1. {main}() /home/ubuntu/workspace/CST-336-Spring2019/Labs/ottermartAdmin/api/getCategories.php:0
[08-Apr-2019 02:11:49 UTC] PHP Fatal error:  Call to undefined function getDataBaseConnection() in /home/ubuntu/workspace/CST-336-Spring2019/Labs/ottermartAdmin/api/getCategories.php on line 4
[08-Apr-2019 02:11:49 UTC] PHP Stack trace:
[08-Apr-2019 02:11:49 UTC] PHP   1. {main}() /home/ubuntu/workspace/CST-336-Spring2019/Labs/ottermartAdmin/api/getCategories.php:0
[08-Apr-2019 02:49:36 UTC] PHP Fatal error:  Uncaught exception 'PDOException' with message 'SQLSTATE[HY000] [1045] Access denied for user 'jahenderson'@'localhost' (using password: NO)' in /home/ubuntu/workspace/CST-336-Spring2019/Labs/ottermartAdmin/api/login.php:34
Stack trace:
#0 /home/ubuntu/workspace/CST-336-Spring2019/Labs/ottermartAdmin/api/login.php(34): PDO->__construct('mysql:host=127....', 'jahenderson', '')
#1 {main}
  thrown in /home/ubuntu/workspace/CST-336-Spring2019/Labs/ottermartAdmin/api/login.php on line 34
