[26-Mar-2019 03:23:04 UTC] PHP Fatal error:  Uncaught exception 'PDOException' with message 'SQLSTATE[42000]: Syntax error or access violation: 1064 You have an error in your SQL syntax; check the manual that corresponds to your MySQL server version for the right syntax to use near '-category ORDER BY catName' at line 1' in /home/ubuntu/workspace/CST-336-Spring2019/Labs/ottermart/api/getCategories.php:10
Stack trace:
#0 /home/ubuntu/workspace/CST-336-Spring2019/Labs/ottermart/api/getCategories.php(10): PDOStatement->execute()
#1 {main}
  thrown in /home/ubuntu/workspace/CST-336-Spring2019/Labs/ottermart/api/getCategories.php on line 10
[26-Mar-2019 03:23:15 UTC] PHP Fatal error:  Uncaught exception 'PDOException' with message 'SQLSTATE[42000]: Syntax error or access violation: 1064 You have an error in your SQL syntax; check the manual that corresponds to your MySQL server version for the right syntax to use near '-category ORDER BY catName' at line 1' in /home/ubuntu/workspace/CST-336-Spring2019/Labs/ottermart/api/getCategories.php:10
Stack trace:
#0 /home/ubuntu/workspace/CST-336-Spring2019/Labs/ottermart/api/getCategories.php(10): PDOStatement->execute()
#1 {main}
  thrown in /home/ubuntu/workspace/CST-336-Spring2019/Labs/ottermart/api/getCategories.php on line 10
[26-Mar-2019 03:24:50 UTC] PHP Fatal error:  Uncaught exception 'PDOException' with message 'SQLSTATE[42000]: Syntax error or access violation: 1064 You have an error in your SQL syntax; check the manual that corresponds to your MySQL server version for the right syntax to use near '-category ORDER BY catName' at line 1' in /home/ubuntu/workspace/CST-336-Spring2019/Labs/ottermart/api/getCategories.php:10
Stack trace:
#0 /home/ubuntu/workspace/CST-336-Spring2019/Labs/ottermart/api/getCategories.php(10): PDOStatement->execute()
#1 {main}
  thrown in /home/ubuntu/workspace/CST-336-Spring2019/Labs/ottermart/api/getCategories.php on line 10
[26-Mar-2019 03:25:25 UTC] PHP Fatal error:  Uncaught exception 'PDOException' with message 'SQLSTATE[42000]: Syntax error or access violation: 1064 You have an error in your SQL syntax; check the manual that corresponds to your MySQL server version for the right syntax to use near '-category ORDER BY catName' at line 1' in /home/ubuntu/workspace/CST-336-Spring2019/Labs/ottermart/api/getCategories.php:10
Stack trace:
#0 /home/ubuntu/workspace/CST-336-Spring2019/Labs/ottermart/api/getCategories.php(10): PDOStatement->execute()
#1 {main}
  thrown in /home/ubuntu/workspace/CST-336-Spring2019/Labs/ottermart/api/getCategories.php on line 10
[26-Mar-2019 03:27:37 UTC] PHP Fatal error:  Uncaught exception 'PDOException' with message 'SQLSTATE[42000]: Syntax error or access violation: 1064 You have an error in your SQL syntax; check the manual that corresponds to your MySQL server version for the right syntax to use near '-category ORDER BY catName' at line 1' in /home/ubuntu/workspace/CST-336-Spring2019/Labs/ottermart/api/getCategories.php:10
Stack trace:
#0 /home/ubuntu/workspace/CST-336-Spring2019/Labs/ottermart/api/getCategories.php(10): PDOStatement->execute()
#1 {main}
  thrown in /home/ubuntu/workspace/CST-336-Spring2019/Labs/ottermart/api/getCategories.php on line 10
[26-Mar-2019 03:27:38 UTC] PHP Fatal error:  Uncaught exception 'PDOException' with message 'SQLSTATE[42000]: Syntax error or access violation: 1064 You have an error in your SQL syntax; check the manual that corresponds to your MySQL server version for the right syntax to use near '-category ORDER BY catName' at line 1' in /home/ubuntu/workspace/CST-336-Spring2019/Labs/ottermart/api/getCategories.php:10
Stack trace:
#0 /home/ubuntu/workspace/CST-336-Spring2019/Labs/ottermart/api/getCategories.php(10): PDOStatement->execute()
#1 {main}
  thrown in /home/ubuntu/workspace/CST-336-Spring2019/Labs/ottermart/api/getCategories.php on line 10
[26-Mar-2019 03:28:03 UTC] PHP Fatal error:  Uncaught exception 'PDOException' with message 'SQLSTATE[42000]: Syntax error or access violation: 1064 You have an error in your SQL syntax; check the manual that corresponds to your MySQL server version for the right syntax to use near '-category ORDER BY catName' at line 1' in /home/ubuntu/workspace/CST-336-Spring2019/Labs/ottermart/api/getCategories.php:10
Stack trace:
#0 /home/ubuntu/workspace/CST-336-Spring2019/Labs/ottermart/api/getCategories.php(10): PDOStatement->execute()
#1 {main}
  thrown in /home/ubuntu/workspace/CST-336-Spring2019/Labs/ottermart/api/getCategories.php on line 10
[26-Mar-2019 03:28:33 UTC] PHP Fatal error:  Uncaught exception 'PDOException' with message 'SQLSTATE[42000]: Syntax error or access violation: 1064 You have an error in your SQL syntax; check the manual that corresponds to your MySQL server version for the right syntax to use near '-category ORDER BY catName' at line 1' in /home/ubuntu/workspace/CST-336-Spring2019/Labs/ottermart/api/getCategories.php:10
Stack trace:
#0 /home/ubuntu/workspace/CST-336-Spring2019/Labs/ottermart/api/getCategories.php(10): PDOStatement->execute()
#1 {main}
  thrown in /home/ubuntu/workspace/CST-336-Spring2019/Labs/ottermart/api/getCategories.php on line 10
[26-Mar-2019 03:28:35 UTC] PHP Fatal error:  Uncaught exception 'PDOException' with message 'SQLSTATE[42000]: Syntax error or access violation: 1064 You have an error in your SQL syntax; check the manual that corresponds to your MySQL server version for the right syntax to use near '-category ORDER BY catName' at line 1' in /home/ubuntu/workspace/CST-336-Spring2019/Labs/ottermart/api/getCategories.php:10
Stack trace:
#0 /home/ubuntu/workspace/CST-336-Spring2019/Labs/ottermart/api/getCategories.php(10): PDOStatement->execute()
#1 {main}
  thrown in /home/ubuntu/workspace/CST-336-Spring2019/Labs/ottermart/api/getCategories.php on line 10
[26-Mar-2019 03:29:02 UTC] PHP Fatal error:  Uncaught exception 'PDOException' with message 'SQLSTATE[42000]: Syntax error or access violation: 1064 You have an error in your SQL syntax; check the manual that corresponds to your MySQL server version for the right syntax to use near '-category' at line 1' in /home/ubuntu/workspace/CST-336-Spring2019/Labs/ottermart/api/getCategories.php:11
Stack trace:
#0 /home/ubuntu/workspace/CST-336-Spring2019/Labs/ottermart/api/getCategories.php(11): PDOStatement->execute()
#1 {main}
  thrown in /home/ubuntu/workspace/CST-336-Spring2019/Labs/ottermart/api/getCategories.php on line 11
[26-Mar-2019 03:30:26 UTC] PHP Fatal error:  Uncaught exception 'PDOException' with message 'SQLSTATE[42000]: Syntax error or access violation: 1064 You have an error in your SQL syntax; check the manual that corresponds to your MySQL server version for the right syntax to use near '-category' at line 1' in /home/ubuntu/workspace/CST-336-Spring2019/Labs/ottermart/api/getCategories.php:11
Stack trace:
#0 /home/ubuntu/workspace/CST-336-Spring2019/Labs/ottermart/api/getCategories.php(11): PDOStatement->execute()
#1 {main}
  thrown in /home/ubuntu/workspace/CST-336-Spring2019/Labs/ottermart/api/getCategories.php on line 11
[26-Mar-2019 03:30:27 UTC] PHP Fatal error:  Uncaught exception 'PDOException' with message 'SQLSTATE[42000]: Syntax error or access violation: 1064 You have an error in your SQL syntax; check the manual that corresponds to your MySQL server version for the right syntax to use near '-category' at line 1' in /home/ubuntu/workspace/CST-336-Spring2019/Labs/ottermart/api/getCategories.php:11
Stack trace:
#0 /home/ubuntu/workspace/CST-336-Spring2019/Labs/ottermart/api/getCategories.php(11): PDOStatement->execute()
#1 {main}
  thrown in /home/ubuntu/workspace/CST-336-Spring2019/Labs/ottermart/api/getCategories.php on line 11
[26-Mar-2019 03:30:34 UTC] PHP Fatal error:  Uncaught exception 'PDOException' with message 'SQLSTATE[42000]: Syntax error or access violation: 1064 You have an error in your SQL syntax; check the manual that corresponds to your MySQL server version for the right syntax to use near '-category' at line 1' in /home/ubuntu/workspace/CST-336-Spring2019/Labs/ottermart/api/getCategories.php:11
Stack trace:
#0 /home/ubuntu/workspace/CST-336-Spring2019/Labs/ottermart/api/getCategories.php(11): PDOStatement->execute()
#1 {main}
  thrown in /home/ubuntu/workspace/CST-336-Spring2019/Labs/ottermart/api/getCategories.php on line 11
[26-Mar-2019 03:30:35 UTC] PHP Fatal error:  Uncaught exception 'PDOException' with message 'SQLSTATE[42000]: Syntax error or access violation: 1064 You have an error in your SQL syntax; check the manual that corresponds to your MySQL server version for the right syntax to use near '-category' at line 1' in /home/ubuntu/workspace/CST-336-Spring2019/Labs/ottermart/api/getCategories.php:11
Stack trace:
#0 /home/ubuntu/workspace/CST-336-Spring2019/Labs/ottermart/api/getCategories.php(11): PDOStatement->execute()
#1 {main}
  thrown in /home/ubuntu/workspace/CST-336-Spring2019/Labs/ottermart/api/getCategories.php on line 11
[26-Mar-2019 03:30:36 UTC] PHP Fatal error:  Uncaught exception 'PDOException' with message 'SQLSTATE[42000]: Syntax error or access violation: 1064 You have an error in your SQL syntax; check the manual that corresponds to your MySQL server version for the right syntax to use near '-category' at line 1' in /home/ubuntu/workspace/CST-336-Spring2019/Labs/ottermart/api/getCategories.php:11
Stack trace:
#0 /home/ubuntu/workspace/CST-336-Spring2019/Labs/ottermart/api/getCategories.php(11): PDOStatement->execute()
#1 {main}
  thrown in /home/ubuntu/workspace/CST-336-Spring2019/Labs/ottermart/api/getCategories.php on line 11
