[25-Mar-2019 19:23:52 UTC] PHP Fatal error:  Uncaught exception 'PDOException' with message 'SQLSTATE[3D000]: Invalid catalog name: 1046 No database selected' in /home/ubuntu/workspace/CST-336-Spring2019/Practices/midtermPrac/api/getProduct.php:10
Stack trace:
#0 /home/ubuntu/workspace/CST-336-Spring2019/Practices/midtermPrac/api/getProduct.php(10): PDOStatement->execute()
#1 {main}
  thrown in /home/ubuntu/workspace/CST-336-Spring2019/Practices/midtermPrac/api/getProduct.php on line 10
[25-Mar-2019 19:23:54 UTC] PHP Fatal error:  Uncaught exception 'PDOException' with message 'SQLSTATE[3D000]: Invalid catalog name: 1046 No database selected' in /home/ubuntu/workspace/CST-336-Spring2019/Practices/midtermPrac/api/getProduct.php:10
Stack trace:
#0 /home/ubuntu/workspace/CST-336-Spring2019/Practices/midtermPrac/api/getProduct.php(10): PDOStatement->execute()
#1 {main}
  thrown in /home/ubuntu/workspace/CST-336-Spring2019/Practices/midtermPrac/api/getProduct.php on line 10
[25-Mar-2019 19:23:56 UTC] PHP Fatal error:  Uncaught exception 'PDOException' with message 'SQLSTATE[3D000]: Invalid catalog name: 1046 No database selected' in /home/ubuntu/workspace/CST-336-Spring2019/Practices/midtermPrac/api/getProduct.php:10
Stack trace:
#0 /home/ubuntu/workspace/CST-336-Spring2019/Practices/midtermPrac/api/getProduct.php(10): PDOStatement->execute()
#1 {main}
  thrown in /home/ubuntu/workspace/CST-336-Spring2019/Practices/midtermPrac/api/getProduct.php on line 10
[25-Mar-2019 19:26:47 UTC] PHP Fatal error:  Uncaught exception 'PDOException' with message 'SQLSTATE[3D000]: Invalid catalog name: 1046 No database selected' in /home/ubuntu/workspace/CST-336-Spring2019/Practices/midtermPrac/api/getProduct.php:10
Stack trace:
#0 /home/ubuntu/workspace/CST-336-Spring2019/Practices/midtermPrac/api/getProduct.php(10): PDOStatement->execute()
#1 {main}
  thrown in /home/ubuntu/workspace/CST-336-Spring2019/Practices/midtermPrac/api/getProduct.php on line 10
[25-Mar-2019 19:26:50 UTC] PHP Fatal error:  Uncaught exception 'PDOException' with message 'SQLSTATE[3D000]: Invalid catalog name: 1046 No database selected' in /home/ubuntu/workspace/CST-336-Spring2019/Practices/midtermPrac/api/getProduct.php:10
Stack trace:
#0 /home/ubuntu/workspace/CST-336-Spring2019/Practices/midtermPrac/api/getProduct.php(10): PDOStatement->execute()
#1 {main}
  thrown in /home/ubuntu/workspace/CST-336-Spring2019/Practices/midtermPrac/api/getProduct.php on line 10
[25-Mar-2019 19:27:01 UTC] PHP Fatal error:  Uncaught exception 'PDOException' with message 'SQLSTATE[3D000]: Invalid catalog name: 1046 No database selected' in /home/ubuntu/workspace/CST-336-Spring2019/Practices/midtermPrac/api/getProduct.php:10
Stack trace:
#0 /home/ubuntu/workspace/CST-336-Spring2019/Practices/midtermPrac/api/getProduct.php(10): PDOStatement->execute()
#1 {main}
  thrown in /home/ubuntu/workspace/CST-336-Spring2019/Practices/midtermPrac/api/getProduct.php on line 10
[25-Mar-2019 19:27:16 UTC] PHP Fatal error:  Uncaught exception 'PDOException' with message 'SQLSTATE[3D000]: Invalid catalog name: 1046 No database selected' in /home/ubuntu/workspace/CST-336-Spring2019/Practices/midtermPrac/api/getProduct.php:10
Stack trace:
#0 /home/ubuntu/workspace/CST-336-Spring2019/Practices/midtermPrac/api/getProduct.php(10): PDOStatement->execute()
#1 {main}
  thrown in /home/ubuntu/workspace/CST-336-Spring2019/Practices/midtermPrac/api/getProduct.php on line 10
[25-Mar-2019 19:28:41 UTC] PHP Fatal error:  Uncaught exception 'PDOException' with message 'SQLSTATE[3D000]: Invalid catalog name: 1046 No database selected' in /home/ubuntu/workspace/CST-336-Spring2019/Practices/midtermPrac/api/getProduct.php:10
Stack trace:
#0 /home/ubuntu/workspace/CST-336-Spring2019/Practices/midtermPrac/api/getProduct.php(10): PDOStatement->execute()
#1 {main}
  thrown in /home/ubuntu/workspace/CST-336-Spring2019/Practices/midtermPrac/api/getProduct.php on line 10
[25-Mar-2019 19:28:43 UTC] PHP Fatal error:  Uncaught exception 'PDOException' with message 'SQLSTATE[3D000]: Invalid catalog name: 1046 No database selected' in /home/ubuntu/workspace/CST-336-Spring2019/Practices/midtermPrac/api/getProduct.php:10
Stack trace:
#0 /home/ubuntu/workspace/CST-336-Spring2019/Practices/midtermPrac/api/getProduct.php(10): PDOStatement->execute()
#1 {main}
  thrown in /home/ubuntu/workspace/CST-336-Spring2019/Practices/midtermPrac/api/getProduct.php on line 10
[25-Mar-2019 19:28:52 UTC] PHP Fatal error:  Uncaught exception 'PDOException' with message 'SQLSTATE[3D000]: Invalid catalog name: 1046 No database selected' in /home/ubuntu/workspace/CST-336-Spring2019/Practices/midtermPrac/api/getProduct.php:10
Stack trace:
#0 /home/ubuntu/workspace/CST-336-Spring2019/Practices/midtermPrac/api/getProduct.php(10): PDOStatement->execute()
#1 {main}
  thrown in /home/ubuntu/workspace/CST-336-Spring2019/Practices/midtermPrac/api/getProduct.php on line 10
[25-Mar-2019 19:29:19 UTC] PHP Fatal error:  Uncaught exception 'PDOException' with message 'SQLSTATE[3D000]: Invalid catalog name: 1046 No database selected' in /home/ubuntu/workspace/CST-336-Spring2019/Practices/midtermPrac/api/getProduct.php:10
Stack trace:
#0 /home/ubuntu/workspace/CST-336-Spring2019/Practices/midtermPrac/api/getProduct.php(10): PDOStatement->execute()
#1 {main}
  thrown in /home/ubuntu/workspace/CST-336-Spring2019/Practices/midtermPrac/api/getProduct.php on line 10
[25-Mar-2019 19:29:23 UTC] PHP Fatal error:  Uncaught exception 'PDOException' with message 'SQLSTATE[3D000]: Invalid catalog name: 1046 No database selected' in /home/ubuntu/workspace/CST-336-Spring2019/Practices/midtermPrac/api/getProduct.php:10
Stack trace:
#0 /home/ubuntu/workspace/CST-336-Spring2019/Practices/midtermPrac/api/getProduct.php(10): PDOStatement->execute()
#1 {main}
  thrown in /home/ubuntu/workspace/CST-336-Spring2019/Practices/midtermPrac/api/getProduct.php on line 10
[25-Mar-2019 19:31:13 UTC] PHP Fatal error:  Uncaught exception 'PDOException' with message 'SQLSTATE[3D000]: Invalid catalog name: 1046 No database selected' in /home/ubuntu/workspace/CST-336-Spring2019/Practices/midtermPrac/api/getProduct.php:10
Stack trace:
#0 /home/ubuntu/workspace/CST-336-Spring2019/Practices/midtermPrac/api/getProduct.php(10): PDOStatement->execute()
#1 {main}
  thrown in /home/ubuntu/workspace/CST-336-Spring2019/Practices/midtermPrac/api/getProduct.php on line 10
[25-Mar-2019 19:31:14 UTC] PHP Fatal error:  Uncaught exception 'PDOException' with message 'SQLSTATE[3D000]: Invalid catalog name: 1046 No database selected' in /home/ubuntu/workspace/CST-336-Spring2019/Practices/midtermPrac/api/getProduct.php:10
Stack trace:
#0 /home/ubuntu/workspace/CST-336-Spring2019/Practices/midtermPrac/api/getProduct.php(10): PDOStatement->execute()
#1 {main}
  thrown in /home/ubuntu/workspace/CST-336-Spring2019/Practices/midtermPrac/api/getProduct.php on line 10
[25-Mar-2019 19:34:07 UTC] PHP Fatal error:  Uncaught exception 'PDOException' with message 'SQLSTATE[3D000]: Invalid catalog name: 1046 No database selected' in /home/ubuntu/workspace/CST-336-Spring2019/Practices/midtermPrac/api/getProduct.php:10
Stack trace:
#0 /home/ubuntu/workspace/CST-336-Spring2019/Practices/midtermPrac/api/getProduct.php(10): PDOStatement->execute()
#1 {main}
  thrown in /home/ubuntu/workspace/CST-336-Spring2019/Practices/midtermPrac/api/getProduct.php on line 10
[25-Mar-2019 19:34:09 UTC] PHP Fatal error:  Uncaught exception 'PDOException' with message 'SQLSTATE[3D000]: Invalid catalog name: 1046 No database selected' in /home/ubuntu/workspace/CST-336-Spring2019/Practices/midtermPrac/api/getProduct.php:10
Stack trace:
#0 /home/ubuntu/workspace/CST-336-Spring2019/Practices/midtermPrac/api/getProduct.php(10): PDOStatement->execute()
#1 {main}
  thrown in /home/ubuntu/workspace/CST-336-Spring2019/Practices/midtermPrac/api/getProduct.php on line 10
[25-Mar-2019 19:41:51 UTC] PHP Fatal error:  Uncaught exception 'PDOException' with message 'SQLSTATE[3D000]: Invalid catalog name: 1046 No database selected' in /home/ubuntu/workspace/CST-336-Spring2019/Practices/midtermPrac/api/getProduct.php:11
Stack trace:
#0 /home/ubuntu/workspace/CST-336-Spring2019/Practices/midtermPrac/api/getProduct.php(11): PDOStatement->execute()
#1 {main}
  thrown in /home/ubuntu/workspace/CST-336-Spring2019/Practices/midtermPrac/api/getProduct.php on line 11
[25-Mar-2019 19:54:04 UTC] PHP Warning:  include(./dbConnection.php): failed to open stream: No such file or directory in /home/ubuntu/workspace/CST-336-Spring2019/Practices/midtermPrac/api/getProduct.php on line 2
[25-Mar-2019 19:54:04 UTC] PHP Stack trace:
[25-Mar-2019 19:54:04 UTC] PHP   1. {main}() /home/ubuntu/workspace/CST-336-Spring2019/Practices/midtermPrac/api/getProduct.php:0
[25-Mar-2019 19:54:04 UTC] PHP Warning:  include(): Failed opening './dbConnection.php' for inclusion (include_path='.:/usr/share/php:/usr/share/pear') in /home/ubuntu/workspace/CST-336-Spring2019/Practices/midtermPrac/api/getProduct.php on line 2
[25-Mar-2019 19:54:04 UTC] PHP Stack trace:
[25-Mar-2019 19:54:04 UTC] PHP   1. {main}() /home/ubuntu/workspace/CST-336-Spring2019/Practices/midtermPrac/api/getProduct.php:0
[25-Mar-2019 19:54:04 UTC] PHP Fatal error:  Call to undefined function getDataBaseConnection() in /home/ubuntu/workspace/CST-336-Spring2019/Practices/midtermPrac/api/getProduct.php on line 4
[25-Mar-2019 19:54:04 UTC] PHP Stack trace:
[25-Mar-2019 19:54:04 UTC] PHP   1. {main}() /home/ubuntu/workspace/CST-336-Spring2019/Practices/midtermPrac/api/getProduct.php:0
[25-Mar-2019 19:54:24 UTC] PHP Warning:  include(./dbConnection.php): failed to open stream: No such file or directory in /home/ubuntu/workspace/CST-336-Spring2019/Practices/midtermPrac/api/getProduct.php on line 2
[25-Mar-2019 19:54:24 UTC] PHP Stack trace:
[25-Mar-2019 19:54:24 UTC] PHP   1. {main}() /home/ubuntu/workspace/CST-336-Spring2019/Practices/midtermPrac/api/getProduct.php:0
[25-Mar-2019 19:54:24 UTC] PHP Warning:  include(): Failed opening './dbConnection.php' for inclusion (include_path='.:/usr/share/php:/usr/share/pear') in /home/ubuntu/workspace/CST-336-Spring2019/Practices/midtermPrac/api/getProduct.php on line 2
[25-Mar-2019 19:54:24 UTC] PHP Stack trace:
[25-Mar-2019 19:54:24 UTC] PHP   1. {main}() /home/ubuntu/workspace/CST-336-Spring2019/Practices/midtermPrac/api/getProduct.php:0
[25-Mar-2019 19:54:24 UTC] PHP Fatal error:  Call to undefined function getDataBaseConnection() in /home/ubuntu/workspace/CST-336-Spring2019/Practices/midtermPrac/api/getProduct.php on line 4
[25-Mar-2019 19:54:24 UTC] PHP Stack trace:
[25-Mar-2019 19:54:24 UTC] PHP   1. {main}() /home/ubuntu/workspace/CST-336-Spring2019/Practices/midtermPrac/api/getProduct.php:0
[25-Mar-2019 19:58:21 UTC] PHP Warning:  include(./dbConnection.php): failed to open stream: No such file or directory in /home/ubuntu/workspace/CST-336-Spring2019/Practices/midtermPrac/api/getProduct.php on line 2
[25-Mar-2019 19:58:21 UTC] PHP Stack trace:
[25-Mar-2019 19:58:21 UTC] PHP   1. {main}() /home/ubuntu/workspace/CST-336-Spring2019/Practices/midtermPrac/api/getProduct.php:0
[25-Mar-2019 19:58:21 UTC] PHP Warning:  include(): Failed opening './dbConnection.php' for inclusion (include_path='.:/usr/share/php:/usr/share/pear') in /home/ubuntu/workspace/CST-336-Spring2019/Practices/midtermPrac/api/getProduct.php on line 2
[25-Mar-2019 19:58:21 UTC] PHP Stack trace:
[25-Mar-2019 19:58:21 UTC] PHP   1. {main}() /home/ubuntu/workspace/CST-336-Spring2019/Practices/midtermPrac/api/getProduct.php:0
[25-Mar-2019 19:58:21 UTC] PHP Fatal error:  Call to undefined function getDataBaseConnection() in /home/ubuntu/workspace/CST-336-Spring2019/Practices/midtermPrac/api/getProduct.php on line 4
[25-Mar-2019 19:58:21 UTC] PHP Stack trace:
[25-Mar-2019 19:58:21 UTC] PHP   1. {main}() /home/ubuntu/workspace/CST-336-Spring2019/Practices/midtermPrac/api/getProduct.php:0
[25-Mar-2019 19:58:23 UTC] PHP Warning:  include(./dbConnection.php): failed to open stream: No such file or directory in /home/ubuntu/workspace/CST-336-Spring2019/Practices/midtermPrac/api/getProduct.php on line 2
[25-Mar-2019 19:58:23 UTC] PHP Stack trace:
[25-Mar-2019 19:58:23 UTC] PHP   1. {main}() /home/ubuntu/workspace/CST-336-Spring2019/Practices/midtermPrac/api/getProduct.php:0
[25-Mar-2019 19:58:23 UTC] PHP Warning:  include(): Failed opening './dbConnection.php' for inclusion (include_path='.:/usr/share/php:/usr/share/pear') in /home/ubuntu/workspace/CST-336-Spring2019/Practices/midtermPrac/api/getProduct.php on line 2
[25-Mar-2019 19:58:23 UTC] PHP Stack trace:
[25-Mar-2019 19:58:23 UTC] PHP   1. {main}() /home/ubuntu/workspace/CST-336-Spring2019/Practices/midtermPrac/api/getProduct.php:0
[25-Mar-2019 19:58:23 UTC] PHP Fatal error:  Call to undefined function getDataBaseConnection() in /home/ubuntu/workspace/CST-336-Spring2019/Practices/midtermPrac/api/getProduct.php on line 4
[25-Mar-2019 19:58:23 UTC] PHP Stack trace:
[25-Mar-2019 19:58:23 UTC] PHP   1. {main}() /home/ubuntu/workspace/CST-336-Spring2019/Practices/midtermPrac/api/getProduct.php:0
[25-Mar-2019 20:02:53 UTC] PHP Fatal error:  Uncaught exception 'PDOException' with message 'SQLSTATE[3D000]: Invalid catalog name: 1046 No database selected' in /home/ubuntu/workspace/CST-336-Spring2019/Practices/midtermPrac/api/getProduct.php:11
Stack trace:
#0 /home/ubuntu/workspace/CST-336-Spring2019/Practices/midtermPrac/api/getProduct.php(11): PDOStatement->execute()
#1 {main}
  thrown in /home/ubuntu/workspace/CST-336-Spring2019/Practices/midtermPrac/api/getProduct.php on line 11
[25-Mar-2019 20:03:04 UTC] PHP Fatal error:  Uncaught exception 'PDOException' with message 'SQLSTATE[3D000]: Invalid catalog name: 1046 No database selected' in /home/ubuntu/workspace/CST-336-Spring2019/Practices/midtermPrac/api/getProduct.php:11
Stack trace:
#0 /home/ubuntu/workspace/CST-336-Spring2019/Practices/midtermPrac/api/getProduct.php(11): PDOStatement->execute()
#1 {main}
  thrown in /home/ubuntu/workspace/CST-336-Spring2019/Practices/midtermPrac/api/getProduct.php on line 11
[25-Mar-2019 20:03:41 UTC] PHP Fatal error:  Uncaught exception 'PDOException' with message 'SQLSTATE[3D000]: Invalid catalog name: 1046 No database selected' in /home/ubuntu/workspace/CST-336-Spring2019/Practices/midtermPrac/api/getProduct.php:11
Stack trace:
#0 /home/ubuntu/workspace/CST-336-Spring2019/Practices/midtermPrac/api/getProduct.php(11): PDOStatement->execute()
#1 {main}
  thrown in /home/ubuntu/workspace/CST-336-Spring2019/Practices/midtermPrac/api/getProduct.php on line 11
[25-Mar-2019 20:05:04 UTC] PHP Fatal error:  Uncaught exception 'PDOException' with message 'SQLSTATE[3D000]: Invalid catalog name: 1046 No database selected' in /home/ubuntu/workspace/CST-336-Spring2019/Practices/midtermPrac/api/getProduct.php:11
Stack trace:
#0 /home/ubuntu/workspace/CST-336-Spring2019/Practices/midtermPrac/api/getProduct.php(11): PDOStatement->execute()
#1 {main}
  thrown in /home/ubuntu/workspace/CST-336-Spring2019/Practices/midtermPrac/api/getProduct.php on line 11
