[12-May-2019 04:31:36 UTC] PHP Fatal error:  Uncaught exception 'PDOException' with message 'SQLSTATE[42S02]: Base table or view not found: 1146 Table 'fortifyDB.appointments' doesn't exist' in /home/ubuntu/workspace/CST-336-Spring2019/Final/API/sendTimes.php:15
Stack trace:
#0 /home/ubuntu/workspace/CST-336-Spring2019/Final/API/sendTimes.php(15): PDOStatement->execute(Array)
#1 {main}
  thrown in /home/ubuntu/workspace/CST-336-Spring2019/Final/API/sendTimes.php on line 15
[12-May-2019 04:32:27 UTC] PHP Fatal error:  Uncaught exception 'PDOException' with message 'SQLSTATE[42S02]: Base table or view not found: 1146 Table 'fortifyDB.appointments' doesn't exist' in /home/ubuntu/workspace/CST-336-Spring2019/Final/API/sendTimes.php:15
Stack trace:
#0 /home/ubuntu/workspace/CST-336-Spring2019/Final/API/sendTimes.php(15): PDOStatement->execute(Array)
#1 {main}
  thrown in /home/ubuntu/workspace/CST-336-Spring2019/Final/API/sendTimes.php on line 15
[12-May-2019 04:34:29 UTC] PHP Fatal error:  Uncaught exception 'PDOException' with message 'SQLSTATE[42S02]: Base table or view not found: 1146 Table 'fortifyDB.appointments' doesn't exist' in /home/ubuntu/workspace/CST-336-Spring2019/Final/API/sendTimes.php:15
Stack trace:
#0 /home/ubuntu/workspace/CST-336-Spring2019/Final/API/sendTimes.php(15): PDOStatement->execute(Array)
#1 {main}
  thrown in /home/ubuntu/workspace/CST-336-Spring2019/Final/API/sendTimes.php on line 15
[12-May-2019 04:35:18 UTC] PHP Fatal error:  Uncaught exception 'PDOException' with message 'SQLSTATE[42S22]: Column not found: 1054 Unknown column 'start_date' in 'field list'' in /home/ubuntu/workspace/CST-336-Spring2019/Final/API/sendTimes.php:15
Stack trace:
#0 /home/ubuntu/workspace/CST-336-Spring2019/Final/API/sendTimes.php(15): PDOStatement->execute(Array)
#1 {main}
  thrown in /home/ubuntu/workspace/CST-336-Spring2019/Final/API/sendTimes.php on line 15
[12-May-2019 04:38:28 UTC] PHP Fatal error:  Uncaught exception 'PDOException' with message 'SQLSTATE[42S22]: Column not found: 1054 Unknown column 'startTime' in 'field list'' in /home/ubuntu/workspace/CST-336-Spring2019/Final/API/sendTimes.php:15
Stack trace:
#0 /home/ubuntu/workspace/CST-336-Spring2019/Final/API/sendTimes.php(15): PDOStatement->execute(Array)
#1 {main}
  thrown in /home/ubuntu/workspace/CST-336-Spring2019/Final/API/sendTimes.php on line 15
[12-May-2019 04:39:42 UTC] PHP Fatal error:  Uncaught exception 'PDOException' with message 'SQLSTATE[42S22]: Column not found: 1054 Unknown column 'startTime' in 'field list'' in /home/ubuntu/workspace/CST-336-Spring2019/Final/API/sendTimes.php:15
Stack trace:
#0 /home/ubuntu/workspace/CST-336-Spring2019/Final/API/sendTimes.php(15): PDOStatement->execute(Array)
#1 {main}
  thrown in /home/ubuntu/workspace/CST-336-Spring2019/Final/API/sendTimes.php on line 15
[12-May-2019 04:44:47 UTC] PHP Fatal error:  Uncaught exception 'PDOException' with message 'SQLSTATE[23000]: Integrity constraint violation: 1048 Column 'start_time' cannot be null' in /home/ubuntu/workspace/CST-336-Spring2019/Final/API/sendTimes.php:15
Stack trace:
#0 /home/ubuntu/workspace/CST-336-Spring2019/Final/API/sendTimes.php(15): PDOStatement->execute(Array)
#1 {main}
  thrown in /home/ubuntu/workspace/CST-336-Spring2019/Final/API/sendTimes.php on line 15
[12-May-2019 04:46:32 UTC] PHP Fatal error:  Uncaught exception 'PDOException' with message 'SQLSTATE[23000]: Integrity constraint violation: 1048 Column 'start_time' cannot be null' in /home/ubuntu/workspace/CST-336-Spring2019/Final/API/sendTimes.php:15
Stack trace:
#0 /home/ubuntu/workspace/CST-336-Spring2019/Final/API/sendTimes.php(15): PDOStatement->execute(Array)
#1 {main}
  thrown in /home/ubuntu/workspace/CST-336-Spring2019/Final/API/sendTimes.php on line 15
[12-May-2019 04:48:59 UTC] PHP Fatal error:  Uncaught exception 'PDOException' with message 'SQLSTATE[23000]: Integrity constraint violation: 1048 Column 'start_time' cannot be null' in /home/ubuntu/workspace/CST-336-Spring2019/Final/API/sendTimes.php:15
Stack trace:
#0 /home/ubuntu/workspace/CST-336-Spring2019/Final/API/sendTimes.php(15): PDOStatement->execute(Array)
#1 {main}
  thrown in /home/ubuntu/workspace/CST-336-Spring2019/Final/API/sendTimes.php on line 15
[12-May-2019 04:49:06 UTC] PHP Fatal error:  Uncaught exception 'PDOException' with message 'SQLSTATE[23000]: Integrity constraint violation: 1048 Column 'start_time' cannot be null' in /home/ubuntu/workspace/CST-336-Spring2019/Final/API/sendTimes.php:15
Stack trace:
#0 /home/ubuntu/workspace/CST-336-Spring2019/Final/API/sendTimes.php(15): PDOStatement->execute(Array)
#1 {main}
  thrown in /home/ubuntu/workspace/CST-336-Spring2019/Final/API/sendTimes.php on line 15
[12-May-2019 04:51:17 UTC] PHP Warning:  json_decode() expects parameter 1 to be string, array given in /home/ubuntu/workspace/CST-336-Spring2019/Final/API/sendTimes.php on line 19
[12-May-2019 04:51:17 UTC] PHP Stack trace:
[12-May-2019 04:51:17 UTC] PHP   1. {main}() /home/ubuntu/workspace/CST-336-Spring2019/Final/API/sendTimes.php:0
[12-May-2019 04:51:17 UTC] PHP   2. json_decode() /home/ubuntu/workspace/CST-336-Spring2019/Final/API/sendTimes.php:19
[12-May-2019 04:52:35 UTC] PHP Fatal error:  Uncaught exception 'PDOException' with message 'SQLSTATE[23000]: Integrity constraint violation: 1048 Column 'start_time' cannot be null' in /home/ubuntu/workspace/CST-336-Spring2019/Final/API/sendTimes.php:15
Stack trace:
#0 /home/ubuntu/workspace/CST-336-Spring2019/Final/API/sendTimes.php(15): PDOStatement->execute(Array)
#1 {main}
  thrown in /home/ubuntu/workspace/CST-336-Spring2019/Final/API/sendTimes.php on line 15
[12-May-2019 05:04:02 UTC] PHP Warning:  json_decode() expects parameter 1 to be string, array given in /home/ubuntu/workspace/CST-336-Spring2019/Final/API/sendTimes.php on line 19
[12-May-2019 05:04:02 UTC] PHP Stack trace:
[12-May-2019 05:04:02 UTC] PHP   1. {main}() /home/ubuntu/workspace/CST-336-Spring2019/Final/API/sendTimes.php:0
[12-May-2019 05:04:02 UTC] PHP   2. json_decode() /home/ubuntu/workspace/CST-336-Spring2019/Final/API/sendTimes.php:19
[12-May-2019 05:23:55 UTC] PHP Warning:  json_decode() expects parameter 1 to be string, array given in /home/ubuntu/workspace/CST-336-Spring2019/Final/API/sendTimes.php on line 20
[12-May-2019 05:23:55 UTC] PHP Stack trace:
[12-May-2019 05:23:55 UTC] PHP   1. {main}() /home/ubuntu/workspace/CST-336-Spring2019/Final/API/sendTimes.php:0
[12-May-2019 05:23:55 UTC] PHP   2. json_decode() /home/ubuntu/workspace/CST-336-Spring2019/Final/API/sendTimes.php:20
[12-May-2019 06:22:30 UTC] PHP Warning:  json_decode() expects parameter 1 to be string, array given in /home/ubuntu/workspace/CST-336-Spring2019/Final/API/sendTimes.php on line 20
[12-May-2019 06:22:30 UTC] PHP Stack trace:
[12-May-2019 06:22:30 UTC] PHP   1. {main}() /home/ubuntu/workspace/CST-336-Spring2019/Final/API/sendTimes.php:0
[12-May-2019 06:22:30 UTC] PHP   2. json_decode() /home/ubuntu/workspace/CST-336-Spring2019/Final/API/sendTimes.php:20
[12-May-2019 08:22:33 UTC] PHP Fatal error:  Uncaught exception 'PDOException' with message 'SQLSTATE[HY000]: General error' in /home/ubuntu/workspace/CST-336-Spring2019/Final/API/removeTimes.php:18
Stack trace:
#0 /home/ubuntu/workspace/CST-336-Spring2019/Final/API/removeTimes.php(18): PDOStatement->fetchAll(2)
#1 {main}
  thrown in /home/ubuntu/workspace/CST-336-Spring2019/Final/API/removeTimes.php on line 18
[12-May-2019 08:23:17 UTC] PHP Fatal error:  Uncaught exception 'PDOException' with message 'SQLSTATE[HY000]: General error' in /home/ubuntu/workspace/CST-336-Spring2019/Final/API/removeTimes.php:18
Stack trace:
#0 /home/ubuntu/workspace/CST-336-Spring2019/Final/API/removeTimes.php(18): PDOStatement->fetchAll(2)
#1 {main}
  thrown in /home/ubuntu/workspace/CST-336-Spring2019/Final/API/removeTimes.php on line 18
[12-May-2019 08:36:59 UTC] PHP Warning:  json_decode() expects parameter 1 to be string, array given in /home/ubuntu/workspace/CST-336-Spring2019/Final/API/sendTimes.php on line 20
[12-May-2019 08:36:59 UTC] PHP Stack trace:
[12-May-2019 08:36:59 UTC] PHP   1. {main}() /home/ubuntu/workspace/CST-336-Spring2019/Final/API/sendTimes.php:0
[12-May-2019 08:36:59 UTC] PHP   2. json_decode() /home/ubuntu/workspace/CST-336-Spring2019/Final/API/sendTimes.php:20
[12-May-2019 08:37:59 UTC] PHP Fatal error:  Uncaught exception 'PDOException' with message 'SQLSTATE[HY000]: General error' in /home/ubuntu/workspace/CST-336-Spring2019/Final/API/removeTimes.php:18
Stack trace:
#0 /home/ubuntu/workspace/CST-336-Spring2019/Final/API/removeTimes.php(18): PDOStatement->fetchAll(2)
#1 {main}
  thrown in /home/ubuntu/workspace/CST-336-Spring2019/Final/API/removeTimes.php on line 18
[12-May-2019 08:38:22 UTC] PHP Warning:  json_decode() expects parameter 1 to be string, array given in /home/ubuntu/workspace/CST-336-Spring2019/Final/API/sendTimes.php on line 20
[12-May-2019 08:38:22 UTC] PHP Stack trace:
[12-May-2019 08:38:22 UTC] PHP   1. {main}() /home/ubuntu/workspace/CST-336-Spring2019/Final/API/sendTimes.php:0
[12-May-2019 08:38:22 UTC] PHP   2. json_decode() /home/ubuntu/workspace/CST-336-Spring2019/Final/API/sendTimes.php:20
[12-May-2019 08:38:46 UTC] PHP Warning:  json_decode() expects parameter 1 to be string, array given in /home/ubuntu/workspace/CST-336-Spring2019/Final/API/sendTimes.php on line 20
[12-May-2019 08:38:46 UTC] PHP Stack trace:
[12-May-2019 08:38:46 UTC] PHP   1. {main}() /home/ubuntu/workspace/CST-336-Spring2019/Final/API/sendTimes.php:0
[12-May-2019 08:38:46 UTC] PHP   2. json_decode() /home/ubuntu/workspace/CST-336-Spring2019/Final/API/sendTimes.php:20
[12-May-2019 08:38:56 UTC] PHP Fatal error:  Uncaught exception 'PDOException' with message 'SQLSTATE[HY000]: General error' in /home/ubuntu/workspace/CST-336-Spring2019/Final/API/removeTimes.php:18
Stack trace:
#0 /home/ubuntu/workspace/CST-336-Spring2019/Final/API/removeTimes.php(18): PDOStatement->fetchAll(2)
#1 {main}
  thrown in /home/ubuntu/workspace/CST-336-Spring2019/Final/API/removeTimes.php on line 18
[12-May-2019 08:39:15 UTC] PHP Fatal error:  Uncaught exception 'PDOException' with message 'SQLSTATE[HY000]: General error' in /home/ubuntu/workspace/CST-336-Spring2019/Final/API/removeTimes.php:18
Stack trace:
#0 /home/ubuntu/workspace/CST-336-Spring2019/Final/API/removeTimes.php(18): PDOStatement->fetchAll(2)
#1 {main}
  thrown in /home/ubuntu/workspace/CST-336-Spring2019/Final/API/removeTimes.php on line 18
[12-May-2019 18:32:21 UTC] PHP Warning:  json_decode() expects parameter 1 to be string, array given in /home/ubuntu/workspace/CST-336-Spring2019/Final/API/sendTimes.php on line 20
[12-May-2019 18:32:21 UTC] PHP Stack trace:
[12-May-2019 18:32:21 UTC] PHP   1. {main}() /home/ubuntu/workspace/CST-336-Spring2019/Final/API/sendTimes.php:0
[12-May-2019 18:32:21 UTC] PHP   2. json_decode() /home/ubuntu/workspace/CST-336-Spring2019/Final/API/sendTimes.php:20
[12-May-2019 18:32:24 UTC] PHP Fatal error:  Uncaught exception 'PDOException' with message 'SQLSTATE[HY000]: General error' in /home/ubuntu/workspace/CST-336-Spring2019/Final/API/removeTimes.php:18
Stack trace:
#0 /home/ubuntu/workspace/CST-336-Spring2019/Final/API/removeTimes.php(18): PDOStatement->fetchAll(2)
#1 {main}
  thrown in /home/ubuntu/workspace/CST-336-Spring2019/Final/API/removeTimes.php on line 18
[12-May-2019 18:40:33 UTC] PHP Warning:  json_decode() expects parameter 1 to be string, array given in /home/ubuntu/workspace/CST-336-Spring2019/Final/API/sendTimes.php on line 20
[12-May-2019 18:40:33 UTC] PHP Stack trace:
[12-May-2019 18:40:33 UTC] PHP   1. {main}() /home/ubuntu/workspace/CST-336-Spring2019/Final/API/sendTimes.php:0
[12-May-2019 18:40:33 UTC] PHP   2. json_decode() /home/ubuntu/workspace/CST-336-Spring2019/Final/API/sendTimes.php:20
[12-May-2019 18:40:40 UTC] PHP Fatal error:  Uncaught exception 'PDOException' with message 'SQLSTATE[HY000]: General error' in /home/ubuntu/workspace/CST-336-Spring2019/Final/API/removeTimes.php:18
Stack trace:
#0 /home/ubuntu/workspace/CST-336-Spring2019/Final/API/removeTimes.php(18): PDOStatement->fetchAll(2)
#1 {main}
  thrown in /home/ubuntu/workspace/CST-336-Spring2019/Final/API/removeTimes.php on line 18
[12-May-2019 18:57:28 UTC] PHP Warning:  json_decode() expects parameter 1 to be string, array given in /home/ubuntu/workspace/CST-336-Spring2019/Final/API/sendTimes.php on line 20
[12-May-2019 18:57:28 UTC] PHP Stack trace:
[12-May-2019 18:57:28 UTC] PHP   1. {main}() /home/ubuntu/workspace/CST-336-Spring2019/Final/API/sendTimes.php:0
[12-May-2019 18:57:28 UTC] PHP   2. json_decode() /home/ubuntu/workspace/CST-336-Spring2019/Final/API/sendTimes.php:20
[12-May-2019 19:09:22 UTC] PHP Fatal error:  Uncaught exception 'PDOException' with message 'SQLSTATE[HY000]: General error' in /home/ubuntu/workspace/CST-336-Spring2019/Final/API/removeTimes.php:18
Stack trace:
#0 /home/ubuntu/workspace/CST-336-Spring2019/Final/API/removeTimes.php(18): PDOStatement->fetchAll(2)
#1 {main}
  thrown in /home/ubuntu/workspace/CST-336-Spring2019/Final/API/removeTimes.php on line 18
[12-May-2019 20:46:31 UTC] PHP Fatal error:  Uncaught exception 'PDOException' with message 'SQLSTATE[23000]: Integrity constraint violation: 1048 Column 'user_name' cannot be null' in /home/ubuntu/workspace/CST-336-Spring2019/Final/API/addUser.php:15
Stack trace:
#0 /home/ubuntu/workspace/CST-336-Spring2019/Final/API/addUser.php(15): PDOStatement->execute(Array)
#1 {main}
  thrown in /home/ubuntu/workspace/CST-336-Spring2019/Final/API/addUser.php on line 15
[12-May-2019 20:47:16 UTC] PHP Fatal error:  Uncaught exception 'PDOException' with message 'SQLSTATE[23000]: Integrity constraint violation: 1048 Column 'user_name' cannot be null' in /home/ubuntu/workspace/CST-336-Spring2019/Final/API/addUser.php:15
Stack trace:
#0 /home/ubuntu/workspace/CST-336-Spring2019/Final/API/addUser.php(15): PDOStatement->execute(Array)
#1 {main}
  thrown in /home/ubuntu/workspace/CST-336-Spring2019/Final/API/addUser.php on line 15
[12-May-2019 20:48:00 UTC] PHP Fatal error:  Uncaught exception 'PDOException' with message 'SQLSTATE[23000]: Integrity constraint violation: 1048 Column 'user_name' cannot be null' in /home/ubuntu/workspace/CST-336-Spring2019/Final/API/addUser.php:15
Stack trace:
#0 /home/ubuntu/workspace/CST-336-Spring2019/Final/API/addUser.php(15): PDOStatement->execute(Array)
#1 {main}
  thrown in /home/ubuntu/workspace/CST-336-Spring2019/Final/API/addUser.php on line 15
[12-May-2019 20:48:23 UTC] PHP Fatal error:  Uncaught exception 'PDOException' with message 'SQLSTATE[23000]: Integrity constraint violation: 1048 Column 'user_name' cannot be null' in /home/ubuntu/workspace/CST-336-Spring2019/Final/API/addUser.php:15
Stack trace:
#0 /home/ubuntu/workspace/CST-336-Spring2019/Final/API/addUser.php(15): PDOStatement->execute(Array)
#1 {main}
  thrown in /home/ubuntu/workspace/CST-336-Spring2019/Final/API/addUser.php on line 15
[12-May-2019 20:52:02 UTC] PHP Fatal error:  Uncaught exception 'PDOException' with message 'SQLSTATE[23000]: Integrity constraint violation: 1048 Column 'user_name' cannot be null' in /home/ubuntu/workspace/CST-336-Spring2019/Final/API/addUser.php:15
Stack trace:
#0 /home/ubuntu/workspace/CST-336-Spring2019/Final/API/addUser.php(15): PDOStatement->execute(Array)
#1 {main}
  thrown in /home/ubuntu/workspace/CST-336-Spring2019/Final/API/addUser.php on line 15
[12-May-2019 20:52:04 UTC] PHP Fatal error:  Uncaught exception 'PDOException' with message 'SQLSTATE[23000]: Integrity constraint violation: 1048 Column 'user_name' cannot be null' in /home/ubuntu/workspace/CST-336-Spring2019/Final/API/addUser.php:15
Stack trace:
#0 /home/ubuntu/workspace/CST-336-Spring2019/Final/API/addUser.php(15): PDOStatement->execute(Array)
#1 {main}
  thrown in /home/ubuntu/workspace/CST-336-Spring2019/Final/API/addUser.php on line 15
[12-May-2019 20:52:19 UTC] PHP Fatal error:  Uncaught exception 'PDOException' with message 'SQLSTATE[23000]: Integrity constraint violation: 1048 Column 'user_name' cannot be null' in /home/ubuntu/workspace/CST-336-Spring2019/Final/API/addUser.php:15
Stack trace:
#0 /home/ubuntu/workspace/CST-336-Spring2019/Final/API/addUser.php(15): PDOStatement->execute(Array)
#1 {main}
  thrown in /home/ubuntu/workspace/CST-336-Spring2019/Final/API/addUser.php on line 15
[12-May-2019 20:52:21 UTC] PHP Fatal error:  Uncaught exception 'PDOException' with message 'SQLSTATE[23000]: Integrity constraint violation: 1048 Column 'user_name' cannot be null' in /home/ubuntu/workspace/CST-336-Spring2019/Final/API/addUser.php:15
Stack trace:
#0 /home/ubuntu/workspace/CST-336-Spring2019/Final/API/addUser.php(15): PDOStatement->execute(Array)
#1 {main}
  thrown in /home/ubuntu/workspace/CST-336-Spring2019/Final/API/addUser.php on line 15
[12-May-2019 20:54:00 UTC] PHP Fatal error:  Uncaught exception 'PDOException' with message 'SQLSTATE[23000]: Integrity constraint violation: 1048 Column 'user_name' cannot be null' in /home/ubuntu/workspace/CST-336-Spring2019/Final/API/addUser.php:15
Stack trace:
#0 /home/ubuntu/workspace/CST-336-Spring2019/Final/API/addUser.php(15): PDOStatement->execute(Array)
#1 {main}
  thrown in /home/ubuntu/workspace/CST-336-Spring2019/Final/API/addUser.php on line 15
[12-May-2019 20:58:49 UTC] PHP Fatal error:  Uncaught exception 'PDOException' with message 'SQLSTATE[23000]: Integrity constraint violation: 1048 Column 'user_name' cannot be null' in /home/ubuntu/workspace/CST-336-Spring2019/Final/API/addUser.php:15
Stack trace:
#0 /home/ubuntu/workspace/CST-336-Spring2019/Final/API/addUser.php(15): PDOStatement->execute(Array)
#1 {main}
  thrown in /home/ubuntu/workspace/CST-336-Spring2019/Final/API/addUser.php on line 15
[12-May-2019 20:58:50 UTC] PHP Fatal error:  Uncaught exception 'PDOException' with message 'SQLSTATE[23000]: Integrity constraint violation: 1048 Column 'user_name' cannot be null' in /home/ubuntu/workspace/CST-336-Spring2019/Final/API/addUser.php:15
Stack trace:
#0 /home/ubuntu/workspace/CST-336-Spring2019/Final/API/addUser.php(15): PDOStatement->execute(Array)
#1 {main}
  thrown in /home/ubuntu/workspace/CST-336-Spring2019/Final/API/addUser.php on line 15
[12-May-2019 20:58:51 UTC] PHP Fatal error:  Uncaught exception 'PDOException' with message 'SQLSTATE[23000]: Integrity constraint violation: 1048 Column 'user_name' cannot be null' in /home/ubuntu/workspace/CST-336-Spring2019/Final/API/addUser.php:15
Stack trace:
#0 /home/ubuntu/workspace/CST-336-Spring2019/Final/API/addUser.php(15): PDOStatement->execute(Array)
#1 {main}
  thrown in /home/ubuntu/workspace/CST-336-Spring2019/Final/API/addUser.php on line 15
[12-May-2019 21:00:53 UTC] PHP Fatal error:  Uncaught exception 'PDOException' with message 'SQLSTATE[23000]: Integrity constraint violation: 1048 Column 'user_name' cannot be null' in /home/ubuntu/workspace/CST-336-Spring2019/Final/API/addUser.php:15
Stack trace:
#0 /home/ubuntu/workspace/CST-336-Spring2019/Final/API/addUser.php(15): PDOStatement->execute(Array)
#1 {main}
  thrown in /home/ubuntu/workspace/CST-336-Spring2019/Final/API/addUser.php on line 15
[12-May-2019 21:01:02 UTC] PHP Fatal error:  Uncaught exception 'PDOException' with message 'SQLSTATE[23000]: Integrity constraint violation: 1048 Column 'user_name' cannot be null' in /home/ubuntu/workspace/CST-336-Spring2019/Final/API/addUser.php:15
Stack trace:
#0 /home/ubuntu/workspace/CST-336-Spring2019/Final/API/addUser.php(15): PDOStatement->execute(Array)
#1 {main}
  thrown in /home/ubuntu/workspace/CST-336-Spring2019/Final/API/addUser.php on line 15
[12-May-2019 21:01:04 UTC] PHP Fatal error:  Uncaught exception 'PDOException' with message 'SQLSTATE[23000]: Integrity constraint violation: 1048 Column 'user_name' cannot be null' in /home/ubuntu/workspace/CST-336-Spring2019/Final/API/addUser.php:15
Stack trace:
#0 /home/ubuntu/workspace/CST-336-Spring2019/Final/API/addUser.php(15): PDOStatement->execute(Array)
#1 {main}
  thrown in /home/ubuntu/workspace/CST-336-Spring2019/Final/API/addUser.php on line 15
[12-May-2019 21:01:37 UTC] PHP Fatal error:  Uncaught exception 'PDOException' with message 'SQLSTATE[23000]: Integrity constraint violation: 1048 Column 'user_name' cannot be null' in /home/ubuntu/workspace/CST-336-Spring2019/Final/API/addUser.php:15
Stack trace:
#0 /home/ubuntu/workspace/CST-336-Spring2019/Final/API/addUser.php(15): PDOStatement->execute(Array)
#1 {main}
  thrown in /home/ubuntu/workspace/CST-336-Spring2019/Final/API/addUser.php on line 15
[12-May-2019 21:01:58 UTC] PHP Fatal error:  Uncaught exception 'PDOException' with message 'SQLSTATE[23000]: Integrity constraint violation: 1048 Column 'user_name' cannot be null' in /home/ubuntu/workspace/CST-336-Spring2019/Final/API/addUser.php:15
Stack trace:
#0 /home/ubuntu/workspace/CST-336-Spring2019/Final/API/addUser.php(15): PDOStatement->execute(Array)
#1 {main}
  thrown in /home/ubuntu/workspace/CST-336-Spring2019/Final/API/addUser.php on line 15
[12-May-2019 21:02:38 UTC] PHP Fatal error:  Uncaught exception 'PDOException' with message 'SQLSTATE[23000]: Integrity constraint violation: 1048 Column 'user_name' cannot be null' in /home/ubuntu/workspace/CST-336-Spring2019/Final/API/addUser.php:15
Stack trace:
#0 /home/ubuntu/workspace/CST-336-Spring2019/Final/API/addUser.php(15): PDOStatement->execute(Array)
#1 {main}
  thrown in /home/ubuntu/workspace/CST-336-Spring2019/Final/API/addUser.php on line 15
[12-May-2019 21:04:02 UTC] PHP Fatal error:  Uncaught exception 'PDOException' with message 'SQLSTATE[23000]: Integrity constraint violation: 1048 Column 'user_name' cannot be null' in /home/ubuntu/workspace/CST-336-Spring2019/Final/API/addUser.php:15
Stack trace:
#0 /home/ubuntu/workspace/CST-336-Spring2019/Final/API/addUser.php(15): PDOStatement->execute(Array)
#1 {main}
  thrown in /home/ubuntu/workspace/CST-336-Spring2019/Final/API/addUser.php on line 15
