[04-Apr-2019 00:20:30 UTC] PHP Fatal error:  Uncaught exception 'PDOException' with message 'SQLSTATE[HY000] [1045] Access denied for user 'jahenderson'@'localhost' (using password: NO)' in /home/ubuntu/workspace/CST-336-Spring2019/Labs/dashboard/login.php:34
Stack trace:
#0 /home/ubuntu/workspace/CST-336-Spring2019/Labs/dashboard/login.php(34): PDO->__construct('mysql:host=127....', 'jahenderson', '')
#1 {main}
  thrown in /home/ubuntu/workspace/CST-336-Spring2019/Labs/dashboard/login.php on line 34
[04-Apr-2019 00:20:30 UTC] PHP Fatal error:  Uncaught exception 'PDOException' with message 'SQLSTATE[HY000] [1045] Access denied for user 'jahenderson'@'localhost' (using password: NO)' in /home/ubuntu/workspace/CST-336-Spring2019/Labs/dashboard/login.php:34
Stack trace:
#0 /home/ubuntu/workspace/CST-336-Spring2019/Labs/dashboard/login.php(34): PDO->__construct('mysql:host=127....', 'jahenderson', '')
#1 {main}
  thrown in /home/ubuntu/workspace/CST-336-Spring2019/Labs/dashboard/login.php on line 34
[04-Apr-2019 00:20:31 UTC] PHP Fatal error:  Uncaught exception 'PDOException' with message 'SQLSTATE[HY000] [1045] Access denied for user 'jahenderson'@'localhost' (using password: NO)' in /home/ubuntu/workspace/CST-336-Spring2019/Labs/dashboard/login.php:34
Stack trace:
#0 /home/ubuntu/workspace/CST-336-Spring2019/Labs/dashboard/login.php(34): PDO->__construct('mysql:host=127....', 'jahenderson', '')
#1 {main}
  thrown in /home/ubuntu/workspace/CST-336-Spring2019/Labs/dashboard/login.php on line 34
[04-Apr-2019 00:20:31 UTC] PHP Fatal error:  Uncaught exception 'PDOException' with message 'SQLSTATE[HY000] [1045] Access denied for user 'jahenderson'@'localhost' (using password: NO)' in /home/ubuntu/workspace/CST-336-Spring2019/Labs/dashboard/login.php:34
Stack trace:
#0 /home/ubuntu/workspace/CST-336-Spring2019/Labs/dashboard/login.php(34): PDO->__construct('mysql:host=127....', 'jahenderson', '')
#1 {main}
  thrown in /home/ubuntu/workspace/CST-336-Spring2019/Labs/dashboard/login.php on line 34
[04-Apr-2019 00:20:31 UTC] PHP Fatal error:  Uncaught exception 'PDOException' with message 'SQLSTATE[HY000] [1045] Access denied for user 'jahenderson'@'localhost' (using password: NO)' in /home/ubuntu/workspace/CST-336-Spring2019/Labs/dashboard/login.php:34
Stack trace:
#0 /home/ubuntu/workspace/CST-336-Spring2019/Labs/dashboard/login.php(34): PDO->__construct('mysql:host=127....', 'jahenderson', '')
#1 {main}
  thrown in /home/ubuntu/workspace/CST-336-Spring2019/Labs/dashboard/login.php on line 34
[04-Apr-2019 00:20:31 UTC] PHP Fatal error:  Uncaught exception 'PDOException' with message 'SQLSTATE[HY000] [1045] Access denied for user 'jahenderson'@'localhost' (using password: NO)' in /home/ubuntu/workspace/CST-336-Spring2019/Labs/dashboard/login.php:34
Stack trace:
#0 /home/ubuntu/workspace/CST-336-Spring2019/Labs/dashboard/login.php(34): PDO->__construct('mysql:host=127....', 'jahenderson', '')
#1 {main}
  thrown in /home/ubuntu/workspace/CST-336-Spring2019/Labs/dashboard/login.php on line 34
[04-Apr-2019 00:20:31 UTC] PHP Fatal error:  Uncaught exception 'PDOException' with message 'SQLSTATE[HY000] [1045] Access denied for user 'jahenderson'@'localhost' (using password: NO)' in /home/ubuntu/workspace/CST-336-Spring2019/Labs/dashboard/login.php:34
Stack trace:
#0 /home/ubuntu/workspace/CST-336-Spring2019/Labs/dashboard/login.php(34): PDO->__construct('mysql:host=127....', 'jahenderson', '')
#1 {main}
  thrown in /home/ubuntu/workspace/CST-336-Spring2019/Labs/dashboard/login.php on line 34
